#-----------------------------------------------------------
# Vivado v2020.1 (64-bit)
# SW Build 2902540 on Wed May 27 19:54:49 MDT 2020
# IP Build 2902112 on Wed May 27 22:43:36 MDT 2020
# Start of session at: Sat Jun 17 21:39:08 2023
# Process ID: 9344
# Current directory: D:/Projelerim/VivadoHapra/LED
# Command line: vivado.exe -gui_launcher_event rodinguilauncherevent24436 D:\Projelerim\VivadoHapra\LED\LED.xpr
# Log file: D:/Projelerim/VivadoHapra/LED/vivado.log
# Journal file: D:/Projelerim/VivadoHapra/LED\vivado.jou
#-----------------------------------------------------------
start_gui
open_project D:/Projelerim/VivadoHapra/LED/LED.xpr
Scanning sources...
Finished scanning sources
INFO: [IP_Flow 19-234] Refreshing IP repositories
INFO: [IP_Flow 19-1704] No user IP repositories specified
INFO: [IP_Flow 19-2313] Loaded Vivado IP repository 'C:/Xilinx/Vivado/2020.1/data/ip'.
open_project: Time (s): cpu = 00:00:13 ; elapsed = 00:00:07 . Memory (MB): peak = 1034.598 ; gain = 0.000
update_compile_order -fileset sources_1
close [ open D:/Projelerim/VivadoHapra/LED/LED.srcs/sources_1/new/Tuerschloss.vhd w ]
add_files D:/Projelerim/VivadoHapra/LED/LED.srcs/sources_1/new/Tuerschloss.vhd
update_compile_order -fileset sources_1
set_property is_enabled false [get_files  D:/Projelerim/VivadoHapra/LED/LED.srcs/sources_1/new/Tuerschloss.vhd]
export_ip_user_files -of_objects  [get_files D:/Projelerim/VivadoHapra/LED/LED.srcs/sources_1/new/Tuerschloss.vhd] -no_script -reset -force -quiet
remove_files  D:/Projelerim/VivadoHapra/LED/LED.srcs/sources_1/new/Tuerschloss.vhd
file delete -force D:/Projelerim/VivadoHapra/LED/LED.srcs/sources_1/new/Tuerschloss.vhd
close_project
create_project tuerschloss D:/Projelerim/VivadoHapra/new/tuerschloss -part xc7z020clg400-1
INFO: [IP_Flow 19-234] Refreshing IP repositories
INFO: [IP_Flow 19-1704] No user IP repositories specified
INFO: [IP_Flow 19-2313] Loaded Vivado IP repository 'C:/Xilinx/Vivado/2020.1/data/ip'.
set_property target_language VHDL [current_project]
file mkdir D:/Projelerim/VivadoHapra/new/tuerschloss/tuerschloss.srcs/sources_1/new
close [ open D:/Projelerim/VivadoHapra/new/tuerschloss/tuerschloss.srcs/sources_1/new/tuerschloss.vhd w ]
add_files D:/Projelerim/VivadoHapra/new/tuerschloss/tuerschloss.srcs/sources_1/new/tuerschloss.vhd
update_compile_order -fileset sources_1
close [ open D:/Projelerim/VivadoHapra/new/tuerschloss/tuerschloss.srcs/sources_1/new/debounce.vhd w ]
add_files D:/Projelerim/VivadoHapra/new/tuerschloss/tuerschloss.srcs/sources_1/new/debounce.vhd
update_compile_order -fileset sources_1
exit
INFO: [Common 17-206] Exiting Vivado at Sun Jun 18 01:03:26 2023...
