#-----------------------------------------------------------
# Vivado v2020.1 (64-bit)
# SW Build 2902540 on Wed May 27 19:54:49 MDT 2020
# IP Build 2902112 on Wed May 27 22:43:36 MDT 2020
# Start of session at: Sun Jun 18 13:57:42 2023
# Process ID: 7204
# Current directory: D:/Projelerim/VivadoHapra/tuerschloss
# Command line: vivado.exe -gui_launcher_event rodinguilauncherevent27288 D:\Projelerim\VivadoHapra\tuerschloss\tuerschloss.xpr
# Log file: D:/Projelerim/VivadoHapra/tuerschloss/vivado.log
# Journal file: D:/Projelerim/VivadoHapra/tuerschloss\vivado.jou
#-----------------------------------------------------------
start_gui
open_project D:/Projelerim/VivadoHapra/tuerschloss/tuerschloss.xpr
INFO: [Project 1-313] Project file moved from 'D:/Projelerim/VivadoHapra/new/tuerschloss' since last save.
Scanning sources...
Finished scanning sources
INFO: [IP_Flow 19-234] Refreshing IP repositories
INFO: [IP_Flow 19-1704] No user IP repositories specified
INFO: [IP_Flow 19-2313] Loaded Vivado IP repository 'C:/Xilinx/Vivado/2020.1/data/ip'.
open_project: Time (s): cpu = 00:00:12 ; elapsed = 00:00:06 . Memory (MB): peak = 1035.855 ; gain = 0.000
update_compile_order -fileset sources_1
file mkdir D:/Projelerim/VivadoHapra/tuerschloss/tuerschloss.srcs/constrs_1
file mkdir D:/Projelerim/VivadoHapra/tuerschloss/tuerschloss.srcs/constrs_1/new
close [ open D:/Projelerim/VivadoHapra/tuerschloss/tuerschloss.srcs/constrs_1/new/tuerschloss.xdc w ]
add_files -fileset constrs_1 D:/Projelerim/VivadoHapra/tuerschloss/tuerschloss.srcs/constrs_1/new/tuerschloss.xdc
exit
INFO: [Common 17-206] Exiting Vivado at Sun Jun 18 15:51:30 2023...
